<?xml version="1.0" encoding="UTF-8"?>
<testsuite xmlns:xsi="http://www.w3.org/2001/XMLSchema-instance" xsi:noNamespaceSchemaLocation="https://maven.apache.org/surefire/maven-surefire-plugin/xsd/surefire-test-report-3.0.xsd" version="3.0" name="TestSuite" time="30.315" tests="2" errors="0" skipped="0" failures="0">
  <properties>
    <property name="sun.desktop" value="windows"/>
    <property name="awt.toolkit" value="sun.awt.windows.WToolkit"/>
    <property name="file.encoding.pkg" value="sun.io"/>
    <property name="java.specification.version" value="1.8"/>
    <property name="sun.cpu.isalist" value="amd64"/>
    <property name="sun.jnu.encoding" value="Cp1252"/>
    <property name="java.class.path" value="C:\Users\harishchandra.yadav\git\JavaFrameWork_f3\target\test-classes;C:\Users\harishchandra.yadav\git\JavaFrameWork_f3\target\classes;C:\Users\harishchandra.yadav\.m2\repository\com\codoid\products\fillo\1.18\fillo-1.18.jar;C:\Users\harishchandra.yadav\.m2\repository\org\seleniumhq\selenium\selenium-java\3.13.0\selenium-java-3.13.0.jar;C:\Users\harishchandra.yadav\.m2\repository\org\seleniumhq\selenium\selenium-api\3.13.0\selenium-api-3.13.0.jar;C:\Users\harishchandra.yadav\.m2\repository\org\seleniumhq\selenium\selenium-chrome-driver\3.13.0\selenium-chrome-driver-3.13.0.jar;C:\Users\harishchandra.yadav\.m2\repository\org\seleniumhq\selenium\selenium-edge-driver\3.13.0\selenium-edge-driver-3.13.0.jar;C:\Users\harishchandra.yadav\.m2\repository\org\seleniumhq\selenium\selenium-firefox-driver\3.13.0\selenium-firefox-driver-3.13.0.jar;C:\Users\harishchandra.yadav\.m2\repository\org\seleniumhq\selenium\selenium-ie-driver\3.13.0\selenium-ie-driver-3.13.0.jar;C:\Users\harishchandra.yadav\.m2\repository\org\seleniumhq\selenium\selenium-opera-driver\3.13.0\selenium-opera-driver-3.13.0.jar;C:\Users\harishchandra.yadav\.m2\repository\org\seleniumhq\selenium\selenium-remote-driver\3.13.0\selenium-remote-driver-3.13.0.jar;C:\Users\harishchandra.yadav\.m2\repository\org\seleniumhq\selenium\selenium-safari-driver\3.13.0\selenium-safari-driver-3.13.0.jar;C:\Users\harishchandra.yadav\.m2\repository\org\seleniumhq\selenium\selenium-support\3.13.0\selenium-support-3.13.0.jar;C:\Users\harishchandra.yadav\.m2\repository\net\bytebuddy\byte-buddy\1.8.3\byte-buddy-1.8.3.jar;C:\Users\harishchandra.yadav\.m2\repository\org\apache\commons\commons-exec\1.3\commons-exec-1.3.jar;C:\Users\harishchandra.yadav\.m2\repository\commons-codec\commons-codec\1.10\commons-codec-1.10.jar;C:\Users\harishchandra.yadav\.m2\repository\commons-logging\commons-logging\1.2\commons-logging-1.2.jar;C:\Users\harishchandra.yadav\.m2\repository\com\google\code\gson\gson\2.8.4\gson-2.8.4.jar;C:\Users\harishchandra.yadav\.m2\repository\com\google\guava\guava\25.0-jre\guava-25.0-jre.jar;C:\Users\harishchandra.yadav\.m2\repository\com\google\code\findbugs\jsr305\1.3.9\jsr305-1.3.9.jar;C:\Users\harishchandra.yadav\.m2\repository\org\checkerframework\checker-compat-qual\2.0.0\checker-compat-qual-2.0.0.jar;C:\Users\harishchandra.yadav\.m2\repository\com\google\errorprone\error_prone_annotations\2.1.3\error_prone_annotations-2.1.3.jar;C:\Users\harishchandra.yadav\.m2\repository\com\google\j2objc\j2objc-annotations\1.1\j2objc-annotations-1.1.jar;C:\Users\harishchandra.yadav\.m2\repository\org\codehaus\mojo\animal-sniffer-annotations\1.14\animal-sniffer-annotations-1.14.jar;C:\Users\harishchandra.yadav\.m2\repository\org\apache\httpcomponents\httpclient\4.5.5\httpclient-4.5.5.jar;C:\Users\harishchandra.yadav\.m2\repository\org\apache\httpcomponents\httpcore\4.4.9\httpcore-4.4.9.jar;C:\Users\harishchandra.yadav\.m2\repository\com\squareup\okhttp3\okhttp\3.10.0\okhttp-3.10.0.jar;C:\Users\harishchandra.yadav\.m2\repository\com\squareup\okio\okio\1.14.1\okio-1.14.1.jar;C:\Users\harishchandra.yadav\.m2\repository\log4j\log4j\1.2.17\log4j-1.2.17.jar;C:\Users\harishchandra.yadav\.m2\repository\commons-io\commons-io\2.6\commons-io-2.6.jar;C:\Users\harishchandra.yadav\.m2\repository\org\apache\commons\commons-lang3\3.8\commons-lang3-3.8.jar;C:\Users\harishchandra.yadav\.m2\repository\com\aventstack\extentreports\3.1.5\extentreports-3.1.5.jar;C:\Users\harishchandra.yadav\.m2\repository\org\freemarker\freemarker\2.3.23\freemarker-2.3.23.jar;C:\Users\harishchandra.yadav\.m2\repository\org\mongodb\mongodb-driver\3.3.0\mongodb-driver-3.3.0.jar;C:\Users\harishchandra.yadav\.m2\repository\org\mongodb\bson\3.3.0\bson-3.3.0.jar;C:\Users\harishchandra.yadav\.m2\repository\org\mongodb\mongodb-driver-core\3.3.0\mongodb-driver-core-3.3.0.jar;C:\Users\harishchandra.yadav\.m2\repository\org\apache\httpcomponents\httpmime\4.5.2\httpmime-4.5.2.jar;C:\Users\harishchandra.yadav\.m2\repository\org\jsoup\jsoup\1.9.2\jsoup-1.9.2.jar;C:\Users\harishchandra.yadav\.m2\repository\org\apache\poi\poi-ooxml\3.17\poi-ooxml-3.17.jar;C:\Users\harishchandra.yadav\.m2\repository\org\apache\poi\poi\3.17\poi-3.17.jar;C:\Users\harishchandra.yadav\.m2\repository\org\apache\commons\commons-collections4\4.1\commons-collections4-4.1.jar;C:\Users\harishchandra.yadav\.m2\repository\org\apache\poi\poi-ooxml-schemas\3.17\poi-ooxml-schemas-3.17.jar;C:\Users\harishchandra.yadav\.m2\repository\org\apache\xmlbeans\xmlbeans\2.6.0\xmlbeans-2.6.0.jar;C:\Users\harishchandra.yadav\.m2\repository\stax\stax-api\1.0.1\stax-api-1.0.1.jar;C:\Users\harishchandra.yadav\.m2\repository\com\github\virtuald\curvesapi\1.04\curvesapi-1.04.jar;C:\Users\harishchandra.yadav\.m2\repository\org\apache\commons\commons-email\1.5\commons-email-1.5.jar;C:\Users\harishchandra.yadav\.m2\repository\com\sun\mail\javax.mail\1.5.6\javax.mail-1.5.6.jar;C:\Users\harishchandra.yadav\.m2\repository\javax\activation\activation\1.1\activation-1.1.jar;C:\Users\harishchandra.yadav\.m2\repository\org\testng\testng\6.9.9\testng-6.9.9.jar;C:\Users\harishchandra.yadav\.m2\repository\junit\junit\4.10\junit-4.10.jar;C:\Users\harishchandra.yadav\.m2\repository\org\hamcrest\hamcrest-core\1.1\hamcrest-core-1.1.jar;C:\Users\harishchandra.yadav\.m2\repository\com\beust\jcommander\1.48\jcommander-1.48.jar;C:\Users\harishchandra.yadav\.m2\repository\org\apache\ant\ant\1.7.0\ant-1.7.0.jar;C:\Users\harishchandra.yadav\.m2\repository\org\apache\ant\ant-launcher\1.7.0\ant-launcher-1.7.0.jar;C:\Users\harishchandra.yadav\.m2\repository\org\yaml\snakeyaml\1.15\snakeyaml-1.15.jar;C:\Users\harishchandra.yadav\.m2\repository\org\beanshell\bsh\2.0b4\bsh-2.0b4.jar;"/>
    <property name="java.vm.vendor" value="Oracle Corporation"/>
    <property name="sun.arch.data.model" value="64"/>
    <property name="user.variant" value=""/>
    <property name="java.vendor.url" value="http://java.oracle.com/"/>
    <property name="user.timezone" value="Asia/Calcutta"/>
    <property name="java.vm.specification.version" value="1.8"/>
    <property name="os.name" value="Windows 10"/>
    <property name="user.country" value="US"/>
    <property name="sun.java.launcher" value="SUN_STANDARD"/>
    <property name="sun.boot.library.path" value="C:\Program Files\Java\jdk1.8.0_201\jre\bin"/>
    <property name="sun.java.command" value="C:\Users\harishchandra.yadav\AppData\Local\Temp\surefire858297589350232615\surefirebooter8105159459927103307.jar C:\Users\harishchandra.yadav\AppData\Local\Temp\surefire858297589350232615 2019-06-04T16-14-58_537-jvmRun1 surefire7805329003286319986tmp surefire_07102328975657062883tmp"/>
    <property name="surefire.test.class.path" value="C:\Users\harishchandra.yadav\git\JavaFrameWork_f3\target\test-classes;C:\Users\harishchandra.yadav\git\JavaFrameWork_f3\target\classes;C:\Users\harishchandra.yadav\.m2\repository\com\codoid\products\fillo\1.18\fillo-1.18.jar;C:\Users\harishchandra.yadav\.m2\repository\org\seleniumhq\selenium\selenium-java\3.13.0\selenium-java-3.13.0.jar;C:\Users\harishchandra.yadav\.m2\repository\org\seleniumhq\selenium\selenium-api\3.13.0\selenium-api-3.13.0.jar;C:\Users\harishchandra.yadav\.m2\repository\org\seleniumhq\selenium\selenium-chrome-driver\3.13.0\selenium-chrome-driver-3.13.0.jar;C:\Users\harishchandra.yadav\.m2\repository\org\seleniumhq\selenium\selenium-edge-driver\3.13.0\selenium-edge-driver-3.13.0.jar;C:\Users\harishchandra.yadav\.m2\repository\org\seleniumhq\selenium\selenium-firefox-driver\3.13.0\selenium-firefox-driver-3.13.0.jar;C:\Users\harishchandra.yadav\.m2\repository\org\seleniumhq\selenium\selenium-ie-driver\3.13.0\selenium-ie-driver-3.13.0.jar;C:\Users\harishchandra.yadav\.m2\repository\org\seleniumhq\selenium\selenium-opera-driver\3.13.0\selenium-opera-driver-3.13.0.jar;C:\Users\harishchandra.yadav\.m2\repository\org\seleniumhq\selenium\selenium-remote-driver\3.13.0\selenium-remote-driver-3.13.0.jar;C:\Users\harishchandra.yadav\.m2\repository\org\seleniumhq\selenium\selenium-safari-driver\3.13.0\selenium-safari-driver-3.13.0.jar;C:\Users\harishchandra.yadav\.m2\repository\org\seleniumhq\selenium\selenium-support\3.13.0\selenium-support-3.13.0.jar;C:\Users\harishchandra.yadav\.m2\repository\net\bytebuddy\byte-buddy\1.8.3\byte-buddy-1.8.3.jar;C:\Users\harishchandra.yadav\.m2\repository\org\apache\commons\commons-exec\1.3\commons-exec-1.3.jar;C:\Users\harishchandra.yadav\.m2\repository\commons-codec\commons-codec\1.10\commons-codec-1.10.jar;C:\Users\harishchandra.yadav\.m2\repository\commons-logging\commons-logging\1.2\commons-logging-1.2.jar;C:\Users\harishchandra.yadav\.m2\repository\com\google\code\gson\gson\2.8.4\gson-2.8.4.jar;C:\Users\harishchandra.yadav\.m2\repository\com\google\guava\guava\25.0-jre\guava-25.0-jre.jar;C:\Users\harishchandra.yadav\.m2\repository\com\google\code\findbugs\jsr305\1.3.9\jsr305-1.3.9.jar;C:\Users\harishchandra.yadav\.m2\repository\org\checkerframework\checker-compat-qual\2.0.0\checker-compat-qual-2.0.0.jar;C:\Users\harishchandra.yadav\.m2\repository\com\google\errorprone\error_prone_annotations\2.1.3\error_prone_annotations-2.1.3.jar;C:\Users\harishchandra.yadav\.m2\repository\com\google\j2objc\j2objc-annotations\1.1\j2objc-annotations-1.1.jar;C:\Users\harishchandra.yadav\.m2\repository\org\codehaus\mojo\animal-sniffer-annotations\1.14\animal-sniffer-annotations-1.14.jar;C:\Users\harishchandra.yadav\.m2\repository\org\apache\httpcomponents\httpclient\4.5.5\httpclient-4.5.5.jar;C:\Users\harishchandra.yadav\.m2\repository\org\apache\httpcomponents\httpcore\4.4.9\httpcore-4.4.9.jar;C:\Users\harishchandra.yadav\.m2\repository\com\squareup\okhttp3\okhttp\3.10.0\okhttp-3.10.0.jar;C:\Users\harishchandra.yadav\.m2\repository\com\squareup\okio\okio\1.14.1\okio-1.14.1.jar;C:\Users\harishchandra.yadav\.m2\repository\log4j\log4j\1.2.17\log4j-1.2.17.jar;C:\Users\harishchandra.yadav\.m2\repository\commons-io\commons-io\2.6\commons-io-2.6.jar;C:\Users\harishchandra.yadav\.m2\repository\org\apache\commons\commons-lang3\3.8\commons-lang3-3.8.jar;C:\Users\harishchandra.yadav\.m2\repository\com\aventstack\extentreports\3.1.5\extentreports-3.1.5.jar;C:\Users\harishchandra.yadav\.m2\repository\org\freemarker\freemarker\2.3.23\freemarker-2.3.23.jar;C:\Users\harishchandra.yadav\.m2\repository\org\mongodb\mongodb-driver\3.3.0\mongodb-driver-3.3.0.jar;C:\Users\harishchandra.yadav\.m2\repository\org\mongodb\bson\3.3.0\bson-3.3.0.jar;C:\Users\harishchandra.yadav\.m2\repository\org\mongodb\mongodb-driver-core\3.3.0\mongodb-driver-core-3.3.0.jar;C:\Users\harishchandra.yadav\.m2\repository\org\apache\httpcomponents\httpmime\4.5.2\httpmime-4.5.2.jar;C:\Users\harishchandra.yadav\.m2\repository\org\jsoup\jsoup\1.9.2\jsoup-1.9.2.jar;C:\Users\harishchandra.yadav\.m2\repository\org\apache\poi\poi-ooxml\3.17\poi-ooxml-3.17.jar;C:\Users\harishchandra.yadav\.m2\repository\org\apache\poi\poi\3.17\poi-3.17.jar;C:\Users\harishchandra.yadav\.m2\repository\org\apache\commons\commons-collections4\4.1\commons-collections4-4.1.jar;C:\Users\harishchandra.yadav\.m2\repository\org\apache\poi\poi-ooxml-schemas\3.17\poi-ooxml-schemas-3.17.jar;C:\Users\harishchandra.yadav\.m2\repository\org\apache\xmlbeans\xmlbeans\2.6.0\xmlbeans-2.6.0.jar;C:\Users\harishchandra.yadav\.m2\repository\stax\stax-api\1.0.1\stax-api-1.0.1.jar;C:\Users\harishchandra.yadav\.m2\repository\com\github\virtuald\curvesapi\1.04\curvesapi-1.04.jar;C:\Users\harishchandra.yadav\.m2\repository\org\apache\commons\commons-email\1.5\commons-email-1.5.jar;C:\Users\harishchandra.yadav\.m2\repository\com\sun\mail\javax.mail\1.5.6\javax.mail-1.5.6.jar;C:\Users\harishchandra.yadav\.m2\repository\javax\activation\activation\1.1\activation-1.1.jar;C:\Users\harishchandra.yadav\.m2\repository\org\testng\testng\6.9.9\testng-6.9.9.jar;C:\Users\harishchandra.yadav\.m2\repository\junit\junit\4.10\junit-4.10.jar;C:\Users\harishchandra.yadav\.m2\repository\org\hamcrest\hamcrest-core\1.1\hamcrest-core-1.1.jar;C:\Users\harishchandra.yadav\.m2\repository\com\beust\jcommander\1.48\jcommander-1.48.jar;C:\Users\harishchandra.yadav\.m2\repository\org\apache\ant\ant\1.7.0\ant-1.7.0.jar;C:\Users\harishchandra.yadav\.m2\repository\org\apache\ant\ant-launcher\1.7.0\ant-launcher-1.7.0.jar;C:\Users\harishchandra.yadav\.m2\repository\org\yaml\snakeyaml\1.15\snakeyaml-1.15.jar;C:\Users\harishchandra.yadav\.m2\repository\org\beanshell\bsh\2.0b4\bsh-2.0b4.jar;"/>
    <property name="sun.cpu.endian" value="little"/>
    <property name="user.home" value="C:\Users\harishchandra.yadav"/>
    <property name="user.language" value="en"/>
    <property name="java.specification.vendor" value="Oracle Corporation"/>
    <property name="java.home" value="C:\Program Files\Java\jdk1.8.0_201\jre"/>
    <property name="basedir" value="C:\Users\harishchandra.yadav\git\JavaFrameWork_f3"/>
    <property name="file.separator" value="\"/>
    <property name="line.separator" value="&#10;"/>
    <property name="java.vm.specification.vendor" value="Oracle Corporation"/>
    <property name="java.specification.name" value="Java Platform API Specification"/>
    <property name="java.awt.graphicsenv" value="sun.awt.Win32GraphicsEnvironment"/>
    <property name="surefire.real.class.path" value="C:\Users\harishchandra.yadav\AppData\Local\Temp\surefire858297589350232615\surefirebooter8105159459927103307.jar"/>
    <property name="sun.boot.class.path" value="C:\Program Files\Java\jdk1.8.0_201\jre\lib\resources.jar;C:\Program Files\Java\jdk1.8.0_201\jre\lib\rt.jar;C:\Program Files\Java\jdk1.8.0_201\jre\lib\sunrsasign.jar;C:\Program Files\Java\jdk1.8.0_201\jre\lib\jsse.jar;C:\Program Files\Java\jdk1.8.0_201\jre\lib\jce.jar;C:\Program Files\Java\jdk1.8.0_201\jre\lib\charsets.jar;C:\Program Files\Java\jdk1.8.0_201\jre\lib\jfr.jar;C:\Program Files\Java\jdk1.8.0_201\jre\classes"/>
    <property name="user.script" value=""/>
    <property name="sun.management.compiler" value="HotSpot 64-Bit Tiered Compilers"/>
    <property name="java.runtime.version" value="1.8.0_201-b09"/>
    <property name="user.name" value="harishchandra.yadav"/>
    <property name="path.separator" value=";"/>
    <property name="os.version" value="10.0"/>
    <property name="java.endorsed.dirs" value="C:\Program Files\Java\jdk1.8.0_201\jre\lib\endorsed"/>
    <property name="java.runtime.name" value="Java(TM) SE Runtime Environment"/>
    <property name="file.encoding" value="Cp1252"/>
    <property name="java.vm.name" value="Java HotSpot(TM) 64-Bit Server VM"/>
    <property name="localRepository" value="C:\Users\harishchandra.yadav\.m2\repository"/>
    <property name="java.vendor.url.bug" value="http://bugreport.sun.com/bugreport/"/>
    <property name="java.io.tmpdir" value="C:\Users\HARISH~1.YAD\AppData\Local\Temp\"/>
    <property name="java.version" value="1.8.0_201"/>
    <property name="user.dir" value="C:\Users\harishchandra.yadav\git\JavaFrameWork_f3"/>
    <property name="os.arch" value="amd64"/>
    <property name="java.vm.specification.name" value="Java Virtual Machine Specification"/>
    <property name="java.awt.printerjob" value="sun.awt.windows.WPrinterJob"/>
    <property name="sun.os.patch.level" value=""/>
    <property name="java.library.path" value="C:\Program Files\Java\jdk1.8.0_201\jre\bin;C:\Windows\Sun\Java\bin;C:\Windows\system32;C:\Windows;C:/Program Files/Java/jre1.8.0_201/bin/server;C:/Program Files/Java/jre1.8.0_201/bin;C:/Program Files/Java/jre1.8.0_201/lib/amd64;C:\Program Files (x86)\Common Files\Oracle\Java\javapath;C:\Windows\system32;C:\Windows;C:\Windows\System32\Wbem;C:\Windows\System32\WindowsPowerShell\v1.0\;C:\Windows\System32\OpenSSH\;C:\Program Files\TortoiseSVN\bin;C:\Program Files\dotnet\;C:\Program Files (x86)\Microsoft SQL Server\110\Tools\Binn\;C:\Program Files\Microsoft SQL Server\110\Tools\Binn\;C:\Program Files\Microsoft SQL Server\110\DTS\Binn\;C:\Program Files (x86)\Microsoft SQL Server\110\Tools\Binn\ManagementStudio\;C:\Program Files (x86)\Microsoft Visual Studio 10.0\Common7\IDE\PrivateAssemblies\;C:\Program Files (x86)\Microsoft SQL Server\110\DTS\Binn\;D:\harishchandra.yadav\Downloads\apache-maven-3.6.1\bin;C:\Program Files\Java\jdk1.8.0_201\\bin;C:\Users\harishchandra.yadav\AppData\Local\Microsoft\WindowsApps;;C:\Users\harishchandra.yadav\Desktop\eclipse;;."/>
    <property name="java.vm.info" value="mixed mode"/>
    <property name="java.vendor" value="Oracle Corporation"/>
    <property name="java.vm.version" value="25.201-b09"/>
    <property name="java.ext.dirs" value="C:\Program Files\Java\jdk1.8.0_201\jre\lib\ext;C:\Windows\Sun\Java\lib\ext"/>
    <property name="sun.io.unicode.encoding" value="UnicodeLittle"/>
    <property name="java.class.version" value="52.0"/>
  </properties>
  <testcase name="loginTest" classname="com.magic.web.tests.LoginTest" time="11.181"/>
  <testcase name="searchHotelTest" classname="com.magic.web.tests.HotelBookingTest" time="6.181"/>
</testsuite>