<?xml version="1.0" encoding="UTF-8"?>
<!-- Generated by org.testng.reporters.JUnitReportReporter -->
<testsuite skipped="0" hostname="MPL-11S7LQ2" name="com.magic.web.tests.LoginTest" tests="1" failures="0" timestamp="03 Jun 2019 10:49:14 GMT" time="10.827" errors="0">
  <testcase name="loginTest" time="10.827" classname="com.magic.web.tests.LoginTest"/>
</testsuite> <!-- com.magic.web.tests.LoginTest -->
