<?xml version="1.0" encoding="UTF-8"?>
<!-- Generated by org.testng.reporters.JUnitReportReporter -->
<testsuite hostname="MD-1MB0RG2" name="com.magic.web.tests.HotelBookingTest" tests="1" failures="0" timestamp="4 Jun 2019 08:05:29 GMT" time="5.851" errors="0">
  <testcase name="searchHotelTest" time="5.851" classname="com.magic.web.tests.HotelBookingTest"/>
</testsuite> <!-- com.magic.web.tests.HotelBookingTest -->
