<?xml version="1.0" encoding="UTF-8"?>
<!-- Generated by org.testng.reporters.JUnitReportReporter -->
<testsuite hostname="MD-1MB0RG2" name="com.magic.web.tests.LoginTest" tests="1" failures="0" timestamp="4 Jun 2019 08:05:29 GMT" time="10.933" errors="0">
  <testcase name="loginTest" time="10.933" classname="com.magic.web.tests.LoginTest"/>
</testsuite> <!-- com.magic.web.tests.LoginTest -->
