<?xml version="1.0" encoding="UTF-8"?>
<!-- Generated by org.testng.reporters.JUnitReportReporter -->
<testsuite skipped="0" hostname="RACD-002157" name="com.magic.web.tests.DateClick" tests="1" failures="0" timestamp="04 Jun 2019 10:35:49 GMT" time="0.560" errors="0">
  <testcase name="ClickOnDate" time="0.560" classname="com.magic.web.tests.DateClick"/>
</testsuite> <!-- com.magic.web.tests.DateClick -->
