<?xml version="1.0" encoding="UTF-8"?>
<!-- Generated by org.testng.reporters.JUnitReportReporter -->
<testsuite hostname="RACD-002157" name="com.magic.web.tests.JDBCTestDemo" tests="1" failures="0" timestamp="4 Jun 2019 12:48:00 GMT" time="0.066" errors="0">
  <testcase name="ToFetchAllTableNameFromDB" time="0.066" classname="com.magic.web.tests.JDBCTestDemo"/>
</testsuite> <!-- com.magic.web.tests.JDBCTestDemo -->
